<?xml version="1.0" encoding="UTF-8"?>
<!-- Generated by org.testng.reporters.JUnitXMLReporter -->
<testsuite hostname="EPINHYDW0086" ignored="0" name="All-tests" tests="3" failures="1" timestamp="16 Jun 2017 09:53:02 GMT" time="55.703" errors="0">
  <testcase name="LoginToVoloTea" time="16.628" classname="com.atm.modulefive.webdriver.advanced.tests.VoloTeaTestwithSingleton"/>
  <testcase name="SearchFlights" time="17.503" classname="com.atm.modulefive.webdriver.advanced.tests.VoloTeaTestwithSingleton"/>
  <testcase name="FlightInformation" time="10.24" classname="com.atm.modulefive.webdriver.advanced.tests.VoloTeaTestwithSingleton">
    <failure type="java.lang.AssertionError" message="Exception to wait for page load or Timeout Exception">
      <![CDATA[java.lang.AssertionError: Exception to wait for page load or Timeout Exception
	at com.atm.modulefive.webdriver.advanced.utils.ActionUtility.waitForPageLoaded(ActionUtility.java:43)
	at com.atm.modulefive.webdriver.advanced.pageobjects.VoloTeaFlightSummary.isFlightDisplayed(VoloTeaFlightSummary.java:35)
	at com.atm.modulefive.webdriver.advanced.tests.VoloTeaTestwithSingleton.FlightInformation(VoloTeaTestwithSingleton.java:63)
... Removed 26 stack frames]]>
    </failure>
  </testcase> <!-- FlightInformation -->
</testsuite> <!-- All-tests -->
