<?xml version="1.0" encoding="UTF-8"?>
<!-- Generated by org.testng.reporters.JUnitXMLReporter -->
<testsuite hostname="EPBYMINW2898" ignored="0" name="Default test" tests="3" failures="0" timestamp="07 Jun 2017 08:15:20 GMT" time="28.819" errors="0">
  <testcase name="VoloTeaSignIn" time="3.986" classname="com.atm.modulefive.webdriver.basics.runner.VoloTeaDemo"/>
  <testcase name="SearchFlights" time="17.517" classname="com.atm.modulefive.webdriver.basics.runner.VoloTeaDemo"/>
  <testcase name="FlightInformation" time="0.294" classname="com.atm.modulefive.webdriver.basics.runner.VoloTeaDemo"/>
</testsuite> <!-- Default test -->
