<?xml version="1.0" encoding="UTF-8"?>
<!-- Generated by org.testng.reporters.JUnitXMLReporter -->
<testsuite hostname="EPINHYDW0086" ignored="0" name="Default test" tests="2" failures="0" timestamp="15 Jun 2017 12:37:56 GMT" time="29.892" errors="0">
  <testcase name="startBrowser" time="12.655" classname="com.atm.modulefive.webdriver.advanced.tests.VoloTeaTest"/>
  <testcase name="EnterOriginReturnDetails" time="10.173" classname="com.atm.modulefive.webdriver.advanced.tests.VoloTeaTest"/>
</testsuite> <!-- Default test -->
