<?xml version="1.0" encoding="UTF-8"?>
<testng-results skipped="0" failed="0" ignored="0" total="4" passed="4">
  <reporter-output>
  </reporter-output>
  <suite name="Default suite" duration-ms="41658" started-at="2017-06-13T07:27:22Z" finished-at="2017-06-13T07:28:04Z">
    <groups>
    </groups>
    <test name="Default test" duration-ms="41658" started-at="2017-06-13T07:27:22Z" finished-at="2017-06-13T07:28:04Z">
      <class name="com.atm.modulefive.webdriver.advanced.test.VoloTeaTest">
        <test-method status="PASS" signature="startBrowser()[pri:0, instance:com.atm.modulefive.webdriver.advanced.test.VoloTeaTest@29774679]" name="startBrowser" is-config="true" duration-ms="9281" started-at="2017-06-13T12:57:22Z" description="Start Browser, maximize and add implicit sync wait time" finished-at="2017-06-13T12:57:31Z">
          <reporter-output>
          </reporter-output>
        </test-method> <!-- startBrowser -->
        <test-method status="PASS" signature="LoginToVoloTea()[pri:0, instance:com.atm.modulefive.webdriver.advanced.test.VoloTeaTest@29774679]" name="LoginToVoloTea" duration-ms="11022" started-at="2017-06-13T12:57:31Z" description="SignIn to VoloTea Application" finished-at="2017-06-13T12:57:42Z">
          <reporter-output>
          </reporter-output>
        </test-method> <!-- LoginToVoloTea -->
        <test-method status="PASS" signature="EnterOriginReturnDetails()[pri:0, instance:com.atm.modulefive.webdriver.advanced.test.VoloTeaTest@29774679]" name="EnterOriginReturnDetails" duration-ms="13671" started-at="2017-06-13T12:57:43Z" description="Search Flights from Prague to Venice" depends-on-methods="com.atm.modulefive.webdriver.advanced.test.VoloTeaTest.LoginToVoloTea" finished-at="2017-06-13T12:57:56Z">
          <reporter-output>
          </reporter-output>
        </test-method> <!-- EnterOriginReturnDetails -->
        <test-method status="PASS" signature="SearchFlights()[pri:0, instance:com.atm.modulefive.webdriver.advanced.test.VoloTeaTest@29774679]" name="SearchFlights" duration-ms="6830" started-at="2017-06-13T12:57:56Z" description="Search Flights with given details" depends-on-methods="com.atm.modulefive.webdriver.advanced.test.VoloTeaTest.EnterOriginReturnDetails" finished-at="2017-06-13T12:58:03Z">
          <reporter-output>
          </reporter-output>
        </test-method> <!-- SearchFlights -->
        <test-method status="PASS" signature="FlightInformation()[pri:0, instance:com.atm.modulefive.webdriver.advanced.test.VoloTeaTest@29774679]" name="FlightInformation" duration-ms="88" started-at="2017-06-13T12:58:03Z" description="Validate the Search query made previously" depends-on-methods="com.atm.modulefive.webdriver.advanced.test.VoloTeaTest.SearchFlights" finished-at="2017-06-13T12:58:03Z">
          <reporter-output>
          </reporter-output>
        </test-method> <!-- FlightInformation -->
        <test-method status="PASS" signature="stopBrowser()[pri:0, instance:com.atm.modulefive.webdriver.advanced.test.VoloTeaTest@29774679]" name="stopBrowser" is-config="true" duration-ms="748" started-at="2017-06-13T12:58:03Z" description="Stop Browser" finished-at="2017-06-13T12:58:04Z">
          <reporter-output>
          </reporter-output>
        </test-method> <!-- stopBrowser -->
      </class> <!-- com.atm.modulefive.webdriver.advanced.test.VoloTeaTest -->
    </test> <!-- Default test -->
  </suite> <!-- Default suite -->
</testng-results>
